<?xml version="1.0" encoding="UTF-8"?>
<!-- Generated by org.testng.reporters.JUnitXMLReporter -->
<testsuite ignored="0" hostname="BMT-LAP-27" failures="0" tests="2" name="Chrome Test" time="0.09" errors="0" timestamp="2026-05-29T00:05:34 IST">
  <testcase classname="Utility.Basetest" name="@BeforeMethod BrowserLaunch" time="-1.77999333481E9">
    <failure type="org.testng.TestNGException" message="
Parameter &amp;apos;Browser&amp;apos; is required by BeforeMethod on method BrowserLaunch but has not been marked @Optional or defined
in C:\Users\anmol\eclipse-workspace\project1_maven\testng2.xml">
      <![CDATA[org.testng.TestNGException: 
Parameter 'Browser' is required by BeforeMethod on method BrowserLaunch but has not been marked @Optional or defined
in C:\Users\anmol\eclipse-workspace\project1_maven\testng2.xml
at java.base/java.util.ArrayList.forEach(ArrayList.java:1596)
... Removed 32 stack frames]]>
    </failure>
  </testcase> <!-- @BeforeMethod BrowserLaunch -->
  <testcase classname="Utility.Basetest" name="@AfterMethod BrowserQuit" time="0.0">
    <skipped/>
  </testcase> <!-- @AfterMethod BrowserQuit -->
  <testcase classname="Utility.Basetest" name="@BeforeMethod BrowserLaunch" time="-1.779993334841E9">
    <failure type="org.testng.TestNGException" message="
Parameter &amp;apos;Browser&amp;apos; is required by BeforeMethod on method BrowserLaunch but has not been marked @Optional or defined
in C:\Users\anmol\eclipse-workspace\project1_maven\testng2.xml">
      <![CDATA[org.testng.TestNGException: 
Parameter 'Browser' is required by BeforeMethod on method BrowserLaunch but has not been marked @Optional or defined
in C:\Users\anmol\eclipse-workspace\project1_maven\testng2.xml
at java.base/java.util.ArrayList.forEach(ArrayList.java:1596)
... Removed 32 stack frames]]>
    </failure>
  </testcase> <!-- @BeforeMethod BrowserLaunch -->
  <testcase classname="Utility.Basetest" name="@AfterMethod BrowserQuit" time="0.0">
    <skipped/>
  </testcase> <!-- @AfterMethod BrowserQuit -->
  <testcase classname="package1.project1_maven.TC_2LoginToAmazonAndLogout" name="Loginlogout" time="0.0">
    <skipped/>
  </testcase> <!-- Loginlogout -->
  <testcase classname="package1.project1_maven.TC1_LoginToAmazon" name="withValidCreds" time="0.0">
    <skipped/>
  </testcase> <!-- withValidCreds -->
</testsuite> <!-- Chrome Test -->
