<?xml version="1.0" encoding="UTF-8"?>
<!-- Generated by org.testng.reporters.JUnitXMLReporter -->
<testsuite ignored="0" hostname="BMT-LAP-27" failures="0" tests="2" name="Edge Test" time="0.01" errors="0" timestamp="2026-05-29T00:05:34 IST">
  <testcase classname="package1.project1_maven.TC_2LoginToAmazonAndLogout" name="Loginlogout" time="0.001">
    <skipped/>
  </testcase> <!-- Loginlogout -->
  <testcase classname="package1.project1_maven.TC1_LoginToAmazon" name="withValidCreds" time="0.0">
    <skipped/>
  </testcase> <!-- withValidCreds -->
</testsuite> <!-- Edge Test -->
