<?xml version="1.0" encoding="UTF-8"?>
<!-- Generated by org.testng.reporters.JUnitXMLReporter -->
<testsuite ignored="0" hostname="BMT-LAP-27" failures="0" tests="3" name="Chrome Test" time="56.443" errors="0" timestamp="2026-05-29T00:12:19 IST">
  <testcase classname="package1.project1_maven.TC_2LoginToAmazonAndLogout" name="Loginlogout" time="20.809"/>
  <testcase classname="package1.project1_maven.TC1_LoginToAmazon" name="withValidCreds" time="12.438">
    <skipped/>
  </testcase> <!-- withValidCreds -->
  <testcase classname="package1.project1_maven.TC1_LoginToAmazon" name="withValidCreds" time="11.624"/>
</testsuite> <!-- Chrome Test -->
