<?xml version="1.0" encoding="UTF-8"?>
<!-- Generated by org.testng.reporters.JUnitXMLReporter -->
<testsuite ignored="0" hostname="BMT-LAP-27" failures="2" tests="4" name="FireFox Test" time="121.67" errors="0" timestamp="2026-05-29T00:14:20 IST">
  <testcase classname="package1.project1_maven.TC_2LoginToAmazonAndLogout" name="Loginlogout" time="3.855">
    <skipped/>
  </testcase> <!-- Loginlogout -->
  <testcase classname="package1.project1_maven.TC_2LoginToAmazonAndLogout" name="Loginlogout" time="4.271">
    <failure type="org.openqa.selenium.ElementNotInteractableException" message="Element &amp;lt;span class=&amp;quot;nav-action-inner&amp;quot;&amp;gt; could not be scrolled into view
Build info: version: &amp;apos;4.43.0&amp;apos;, revision: &amp;apos;dd0f534&amp;apos;
System info: os.name: &amp;apos;Windows 11&amp;apos;, os.arch: &amp;apos;amd64&amp;apos;, os.version: &amp;apos;10.0&amp;apos;, java.version: &amp;apos;21.0.7&amp;apos;
Driver info: org.openqa.selenium.firefox.FirefoxDriver
Command: [239b35d7-8bf2-4f65-a593-c5c1ce5b715e, clickElement {id=b99bf86a-51a6-40a0-af33-13bf0f66a175}]
Capabilities {acceptInsecureCerts: true, browserName: firefox, browserVersion: 151.0.2, moz:accessibilityChecks: false, moz:buildID: 20260525130955, moz:geckodriverVersion: 0.36.0, moz:headless: false, moz:platformVersion: 10.0, moz:processID: 26432, moz:profile: C:\Users\anmol\AppData\Loca..., moz:shutdownTimeout: 60000, moz:webdriverClick: true, moz:windowless: false, pageLoadStrategy: normal, platformName: windows, proxy: Proxy(), setWindowRect: true, strictFileInteractability: false, timeouts: {implicit: 0, pageLoad: 300000, script: 30000}, unhandledPromptBehavior: dismiss and notify, userAgent: Mozilla/5.0 (Windows NT 10....}
Element: [[FirefoxDriver: firefox on windows (239b35d7-8bf2-4f65-a593-c5c1ce5b715e)] -&amp;gt; xpath: //span[text()=&amp;apos;Sign in&amp;apos;]]
Session ID: 239b35d7-8bf2-4f65-a593-c5c1ce5b715e">
      <![CDATA[org.openqa.selenium.ElementNotInteractableException: Element <span class="nav-action-inner"> could not be scrolled into view
Build info: version: '4.43.0', revision: 'dd0f534'
System info: os.name: 'Windows 11', os.arch: 'amd64', os.version: '10.0', java.version: '21.0.7'
Driver info: org.openqa.selenium.firefox.FirefoxDriver
Command: [239b35d7-8bf2-4f65-a593-c5c1ce5b715e, clickElement {id=b99bf86a-51a6-40a0-af33-13bf0f66a175}]
Capabilities {acceptInsecureCerts: true, browserName: firefox, browserVersion: 151.0.2, moz:accessibilityChecks: false, moz:buildID: 20260525130955, moz:geckodriverVersion: 0.36.0, moz:headless: false, moz:platformVersion: 10.0, moz:processID: 26432, moz:profile: C:\Users\anmol\AppData\Loca..., moz:shutdownTimeout: 60000, moz:webdriverClick: true, moz:windowless: false, pageLoadStrategy: normal, platformName: windows, proxy: Proxy(), setWindowRect: true, strictFileInteractability: false, timeouts: {implicit: 0, pageLoad: 300000, script: 30000}, unhandledPromptBehavior: dismiss and notify, userAgent: Mozilla/5.0 (Windows NT 10....}
Element: [[FirefoxDriver: firefox on windows (239b35d7-8bf2-4f65-a593-c5c1ce5b715e)] -> xpath: //span[text()='Sign in']]
Session ID: 239b35d7-8bf2-4f65-a593-c5c1ce5b715e
at org.openqa.selenium.remote.ErrorCodec.decode(ErrorCodec.java:169)
at org.openqa.selenium.remote.codec.w3c.W3CHttpResponseCodec.decode(W3CHttpResponseCodec.java:142)
at org.openqa.selenium.remote.codec.w3c.W3CHttpResponseCodec.decode(W3CHttpResponseCodec.java:49)
at org.openqa.selenium.remote.HttpCommandExecutor.execute(HttpCommandExecutor.java:223)
at org.openqa.selenium.remote.service.DriverCommandExecutor.invokeExecute(DriverCommandExecutor.java:216)
at org.openqa.selenium.remote.service.DriverCommandExecutor.execute(DriverCommandExecutor.java:174)
at org.openqa.selenium.remote.RemoteWebDriver.execute(RemoteWebDriver.java:606)
at org.openqa.selenium.remote.RemoteWebElement.execute(RemoteWebElement.java:223)
at org.openqa.selenium.remote.RemoteWebElement.click(RemoteWebElement.java:76)
at org.openqa.selenium.support.pagefactory.internal.LocatingElementHandler.invoke(LocatingElementHandler.java:51)
at jdk.proxy2/jdk.proxy2.$Proxy14.click(Unknown Source)
at package1.project1_maven.Home_Page.ClickOnSignIn(Home_Page.java:40)
at package1.project1_maven.TC_2LoginToAmazonAndLogout.Loginlogout(TC_2LoginToAmazonAndLogout.java:20)
at java.base/java.util.ArrayList.forEach(ArrayList.java:1596)
... Removed 27 stack frames]]>
    </failure>
  </testcase> <!-- Loginlogout -->
  <testcase classname="package1.project1_maven.TC1_LoginToAmazon" name="withValidCreds" time="4.999">
    <skipped/>
  </testcase> <!-- withValidCreds -->
  <testcase classname="package1.project1_maven.TC1_LoginToAmazon" name="withValidCreds" time="3.617">
    <failure type="org.openqa.selenium.ElementNotInteractableException" message="Element &amp;lt;span class=&amp;quot;nav-action-inner&amp;quot;&amp;gt; could not be scrolled into view
Build info: version: &amp;apos;4.43.0&amp;apos;, revision: &amp;apos;dd0f534&amp;apos;
System info: os.name: &amp;apos;Windows 11&amp;apos;, os.arch: &amp;apos;amd64&amp;apos;, os.version: &amp;apos;10.0&amp;apos;, java.version: &amp;apos;21.0.7&amp;apos;
Driver info: org.openqa.selenium.firefox.FirefoxDriver
Command: [bac205cd-989e-4f50-8dd0-19eb7c7f3305, clickElement {id=a02f5a92-bf6e-49f6-a054-406020428045}]
Capabilities {acceptInsecureCerts: true, browserName: firefox, browserVersion: 151.0.2, moz:accessibilityChecks: false, moz:buildID: 20260525130955, moz:geckodriverVersion: 0.36.0, moz:headless: false, moz:platformVersion: 10.0, moz:processID: 36988, moz:profile: C:\Users\anmol\AppData\Loca..., moz:shutdownTimeout: 60000, moz:webdriverClick: true, moz:windowless: false, pageLoadStrategy: normal, platformName: windows, proxy: Proxy(), setWindowRect: true, strictFileInteractability: false, timeouts: {implicit: 0, pageLoad: 300000, script: 30000}, unhandledPromptBehavior: dismiss and notify, userAgent: Mozilla/5.0 (Windows NT 10....}
Element: [[FirefoxDriver: firefox on windows (bac205cd-989e-4f50-8dd0-19eb7c7f3305)] -&amp;gt; xpath: //span[text()=&amp;apos;Sign in&amp;apos;]]
Session ID: bac205cd-989e-4f50-8dd0-19eb7c7f3305">
      <![CDATA[org.openqa.selenium.ElementNotInteractableException: Element <span class="nav-action-inner"> could not be scrolled into view
Build info: version: '4.43.0', revision: 'dd0f534'
System info: os.name: 'Windows 11', os.arch: 'amd64', os.version: '10.0', java.version: '21.0.7'
Driver info: org.openqa.selenium.firefox.FirefoxDriver
Command: [bac205cd-989e-4f50-8dd0-19eb7c7f3305, clickElement {id=a02f5a92-bf6e-49f6-a054-406020428045}]
Capabilities {acceptInsecureCerts: true, browserName: firefox, browserVersion: 151.0.2, moz:accessibilityChecks: false, moz:buildID: 20260525130955, moz:geckodriverVersion: 0.36.0, moz:headless: false, moz:platformVersion: 10.0, moz:processID: 36988, moz:profile: C:\Users\anmol\AppData\Loca..., moz:shutdownTimeout: 60000, moz:webdriverClick: true, moz:windowless: false, pageLoadStrategy: normal, platformName: windows, proxy: Proxy(), setWindowRect: true, strictFileInteractability: false, timeouts: {implicit: 0, pageLoad: 300000, script: 30000}, unhandledPromptBehavior: dismiss and notify, userAgent: Mozilla/5.0 (Windows NT 10....}
Element: [[FirefoxDriver: firefox on windows (bac205cd-989e-4f50-8dd0-19eb7c7f3305)] -> xpath: //span[text()='Sign in']]
Session ID: bac205cd-989e-4f50-8dd0-19eb7c7f3305
at org.openqa.selenium.remote.ErrorCodec.decode(ErrorCodec.java:169)
at org.openqa.selenium.remote.codec.w3c.W3CHttpResponseCodec.decode(W3CHttpResponseCodec.java:142)
at org.openqa.selenium.remote.codec.w3c.W3CHttpResponseCodec.decode(W3CHttpResponseCodec.java:49)
at org.openqa.selenium.remote.HttpCommandExecutor.execute(HttpCommandExecutor.java:223)
at org.openqa.selenium.remote.service.DriverCommandExecutor.invokeExecute(DriverCommandExecutor.java:216)
at org.openqa.selenium.remote.service.DriverCommandExecutor.execute(DriverCommandExecutor.java:174)
at org.openqa.selenium.remote.RemoteWebDriver.execute(RemoteWebDriver.java:606)
at org.openqa.selenium.remote.RemoteWebElement.execute(RemoteWebElement.java:223)
at org.openqa.selenium.remote.RemoteWebElement.click(RemoteWebElement.java:76)
at org.openqa.selenium.support.pagefactory.internal.LocatingElementHandler.invoke(LocatingElementHandler.java:51)
at jdk.proxy2/jdk.proxy2.$Proxy14.click(Unknown Source)
at package1.project1_maven.Home_Page.ClickOnSignIn(Home_Page.java:40)
at package1.project1_maven.TC1_LoginToAmazon.withValidCreds(TC1_LoginToAmazon.java:22)
at java.base/java.util.ArrayList.forEach(ArrayList.java:1596)
... Removed 27 stack frames]]>
    </failure>
  </testcase> <!-- withValidCreds -->
</testsuite> <!-- FireFox Test -->
