<?xml version="1.0" encoding="UTF-8"?>
<!-- Generated by org.testng.reporters.JUnitXMLReporter -->
<testsuite ignored="0" hostname="BMT-LAP-27" failures="1" tests="3" name=" Smoke Test" time="79.674" errors="0" timestamp="2026-05-28T23:24:19 IST">
  <testcase classname="package1.project1_maven.TC1_LoginToAmazon" name="withValidCreds" time="12.577"/>
  <testcase classname="package1.project1_maven.TC_2LoginToAmazonAndLogout" name="Loginlogout" time="37.243">
    <skipped/>
  </testcase> <!-- Loginlogout -->
  <testcase classname="package1.project1_maven.TC_2LoginToAmazonAndLogout" name="Loginlogout" time="11.466">
    <failure type="java.lang.AssertionError" message="The following asserts failed:
	Title not matched expected [Online Shopping site in India: Shop Online for Mobiles, Books, Watches, Shoes and More - Amazon.in] but found [Amazon Sign In]">
      <![CDATA[java.lang.AssertionError: The following asserts failed:
Title not matched expected [Online Shopping site in India: Shop Online for Mobiles, Books, Watches, Shoes and More - Amazon.in] but found [Amazon Sign In]
at package1.project1_maven.TC_2LoginToAmazonAndLogout.Loginlogout(TC_2LoginToAmazonAndLogout.java:28)
at java.base/java.util.ArrayList.forEach(ArrayList.java:1596)
... Removed 31 stack frames]]>
    </failure>
  </testcase> <!-- Loginlogout -->
</testsuite> <!--  Smoke Test -->
