<?xml version="1.0" encoding="UTF-8"?>
<!-- Generated by org.testng.reporters.JUnitReportReporter -->
<testsuite hostname="BMT-LAP-27" failures="0" tests="4" name="package1.project1_maven.TC_2LoginToAmazonAndLogout" time="148.984" errors="1" timestamp="2026-05-29T00:15:13 IST" skipped="1">
  <testcase classname="package1.project1_maven.TC_2LoginToAmazonAndLogout" name="Loginlogout" time="25.647"/>
  <testcase classname="package1.project1_maven.TC_2LoginToAmazonAndLogout" name="Loginlogout" time="15.628">
    <error message="Element &lt;span class=&quot;nav-action-inner&quot;&gt; could not be scrolled into view
Build info: version: &#039;4.43.0&#039;, revision: &#039;dd0f534&#039;
System info: os.name: &#039;Windows 11&#039;, os.arch: &#039;amd64&#039;, os.version: &#039;10.0&#039;, java.version: &#039;21.0.7&#039;
Driver info: org.openqa.selenium.firefox.FirefoxDriver
Command: [239b35d7-8bf2-4f65-a593-c5c1ce5b715e, clickElement {id=b99bf86a-51a6-40a0-af33-13bf0f66a175}]
Capabilities {acceptInsecureCerts: true, browserName: firefox, browserVersion: 151.0.2, moz:accessibilityChecks: false, moz:buildID: 20260525130955, moz:geckodriverVersion: 0.36.0, moz:headless: false, moz:platformVersion: 10.0, moz:processID: 26432, moz:profile: C:\Users\anmol\AppData\Loca..., moz:shutdownTimeout: 60000, moz:webdriverClick: true, moz:windowless: false, pageLoadStrategy: normal, platformName: windows, proxy: Proxy(), setWindowRect: true, strictFileInteractability: false, timeouts: {implicit: 0, pageLoad: 300000, script: 30000}, unhandledPromptBehavior: dismiss and notify, userAgent: Mozilla/5.0 (Windows NT 10....}
Element: [[FirefoxDriver: firefox on windows (239b35d7-8bf2-4f65-a593-c5c1ce5b715e)] -&gt; xpath: //span[text()=&#039;Sign in&#039;]]
Session ID: 239b35d7-8bf2-4f65-a593-c5c1ce5b715e" type="org.openqa.selenium.ElementNotInteractableException">
      <![CDATA[org.openqa.selenium.ElementNotInteractableException: Element <span class="nav-action-inner"> could not be scrolled into view
Build info: version: '4.43.0', revision: 'dd0f534'
System info: os.name: 'Windows 11', os.arch: 'amd64', os.version: '10.0', java.version: '21.0.7'
Driver info: org.openqa.selenium.firefox.FirefoxDriver
Command: [239b35d7-8bf2-4f65-a593-c5c1ce5b715e, clickElement {id=b99bf86a-51a6-40a0-af33-13bf0f66a175}]
Capabilities {acceptInsecureCerts: true, browserName: firefox, browserVersion: 151.0.2, moz:accessibilityChecks: false, moz:buildID: 20260525130955, moz:geckodriverVersion: 0.36.0, moz:headless: false, moz:platformVersion: 10.0, moz:processID: 26432, moz:profile: C:\Users\anmol\AppData\Loca..., moz:shutdownTimeout: 60000, moz:webdriverClick: true, moz:windowless: false, pageLoadStrategy: normal, platformName: windows, proxy: Proxy(), setWindowRect: true, strictFileInteractability: false, timeouts: {implicit: 0, pageLoad: 300000, script: 30000}, unhandledPromptBehavior: dismiss and notify, userAgent: Mozilla/5.0 (Windows NT 10....}
Element: [[FirefoxDriver: firefox on windows (239b35d7-8bf2-4f65-a593-c5c1ce5b715e)] -> xpath: //span[text()='Sign in']]
Session ID: 239b35d7-8bf2-4f65-a593-c5c1ce5b715e
at org.openqa.selenium.remote.ErrorCodec.decode(ErrorCodec.java:169)
at org.openqa.selenium.remote.codec.w3c.W3CHttpResponseCodec.decode(W3CHttpResponseCodec.java:142)
at org.openqa.selenium.remote.codec.w3c.W3CHttpResponseCodec.decode(W3CHttpResponseCodec.java:49)
at org.openqa.selenium.remote.HttpCommandExecutor.execute(HttpCommandExecutor.java:223)
at org.openqa.selenium.remote.service.DriverCommandExecutor.invokeExecute(DriverCommandExecutor.java:216)
at org.openqa.selenium.remote.service.DriverCommandExecutor.execute(DriverCommandExecutor.java:174)
at org.openqa.selenium.remote.RemoteWebDriver.execute(RemoteWebDriver.java:606)
at org.openqa.selenium.remote.RemoteWebElement.execute(RemoteWebElement.java:223)
at org.openqa.selenium.remote.RemoteWebElement.click(RemoteWebElement.java:76)
at java.base/jdk.internal.reflect.DirectMethodHandleAccessor.invoke(DirectMethodHandleAccessor.java:103)
at java.base/java.lang.reflect.Method.invoke(Method.java:580)
at org.openqa.selenium.support.pagefactory.internal.LocatingElementHandler.invoke(LocatingElementHandler.java:51)
at jdk.proxy2/jdk.proxy2.$Proxy14.click(Unknown Source)
at package1.project1_maven.Home_Page.ClickOnSignIn(Home_Page.java:40)
at package1.project1_maven.TC_2LoginToAmazonAndLogout.Loginlogout(TC_2LoginToAmazonAndLogout.java:20)
at java.base/jdk.internal.reflect.DirectMethodHandleAccessor.invoke(DirectMethodHandleAccessor.java:103)
at java.base/java.lang.reflect.Method.invoke(Method.java:580)
at org.testng.internal.invokers.MethodInvocationHelper.invokeMethod(MethodInvocationHelper.java:141)
at org.testng.internal.invokers.TestInvoker.invokeMethod(TestInvoker.java:697)
at org.testng.internal.invokers.TestInvoker.retryFailed(TestInvoker.java:280)
at org.testng.internal.invokers.MethodRunner.runInSequence(MethodRunner.java:76)
at org.testng.internal.invokers.TestInvoker$MethodInvocationAgent.invoke(TestInvoker.java:1005)
at org.testng.internal.invokers.TestInvoker.invokeTestMethods(TestInvoker.java:203)
at org.testng.internal.invokers.TestMethodWorker.invokeTestMethods(TestMethodWorker.java:154)
at org.testng.internal.invokers.TestMethodWorker.run(TestMethodWorker.java:134)
at java.base/java.util.ArrayList.forEach(ArrayList.java:1596)
at org.testng.TestRunner.privateRun(TestRunner.java:744)
at org.testng.TestRunner.run(TestRunner.java:616)
at org.testng.SuiteRunner.runTest(SuiteRunner.java:421)
at org.testng.SuiteRunner.runSequentially(SuiteRunner.java:413)
at org.testng.SuiteRunner.privateRun(SuiteRunner.java:373)
at org.testng.SuiteRunner.run(SuiteRunner.java:312)
at org.testng.SuiteRunnerWorker.runSuite(SuiteRunnerWorker.java:52)
at org.testng.SuiteRunnerWorker.run(SuiteRunnerWorker.java:95)
at org.testng.TestNG.runSuitesSequentially(TestNG.java:1274)
at org.testng.TestNG.runSuitesLocally(TestNG.java:1208)
at org.testng.TestNG.runSuites(TestNG.java:1112)
at org.testng.TestNG.run(TestNG.java:1079)
at org.testng.remote.AbstractRemoteTestNG.run(AbstractRemoteTestNG.java:115)
at org.testng.remote.RemoteTestNG.initAndRun(RemoteTestNG.java:293)
at org.testng.remote.RemoteTestNG.main(RemoteTestNG.java:91)
]]>
    </error>
  </testcase> <!-- Loginlogout -->
  <testcase classname="package1.project1_maven.TC_2LoginToAmazonAndLogout" name="Loginlogout" time="34.966"/>
  <testcase classname="package1.project1_maven.TC_2LoginToAmazonAndLogout" name="Loginlogout" time="72.743">
    <skipped/>
  </testcase> <!-- Loginlogout -->
</testsuite> <!-- package1.project1_maven.TC_2LoginToAmazonAndLogout -->
